Testsuite: edu.nmsu.cs.circles.Circle2Test
Tests run: 14, Failures: 8, Errors: 0, Skipped: 0, Time elapsed: 0.02 sec
------------- Standard Output ---------------

Test starting...
Running test scaleLess.

Test finished.

Test starting...
Running test scaleMore.

Test finished.

Test starting...
Running test simpleMoveX.

Test finished.

Test starting...
Running test simpleMoveY.

Test finished.

Test starting...
Running test simpleMove.

Test finished.

Test starting...
Running test simpleMovePosAndNeg.

Test finished.

Test starting...
Running test simpleMoveNeg.

Test finished.

Test starting...
Running test simpleMoveNegAndPos.

Test finished.

Test starting...
Running test intersectInfinitePoints.

Test finished.

Test starting...
Running test intersectOnePoint.

Test finished.

Test starting...
Running test intersectZeroSeparate.

Test finished.

Test starting...
Running test intersectTwoPoints.

Test finished.

Test starting...
Running test scaleEqual.

Test finished.

Test starting...
Running test intersectZeroInside.

Test finished.
------------- ---------------- ---------------

Testcase: scaleLess took 0.003 sec
Testcase: scaleMore took 0 sec
Testcase: simpleMoveX took 0.002 sec
	FAILED
null
junit.framework.AssertionFailedError
	at edu.nmsu.cs.circles.Circle2Test.simpleMoveX(Unknown Source)
	at java.base/jdk.internal.reflect.NativeMethodAccessorImpl.invoke0(Native Method)
	at java.base/jdk.internal.reflect.NativeMethodAccessorImpl.invoke(NativeMethodAccessorImpl.java:62)
	at java.base/jdk.internal.reflect.DelegatingMethodAccessorImpl.invoke(DelegatingMethodAccessorImpl.java:43)
	at java.base/jdk.internal.reflect.NativeMethodAccessorImpl.invoke0(Native Method)
	at java.base/jdk.internal.reflect.NativeMethodAccessorImpl.invoke(NativeMethodAccessorImpl.java:62)
	at java.base/jdk.internal.reflect.DelegatingMethodAccessorImpl.invoke(DelegatingMethodAccessorImpl.java:43)

Testcase: simpleMoveY took 0 sec
	FAILED
null
junit.framework.AssertionFailedError
	at edu.nmsu.cs.circles.Circle2Test.simpleMoveY(Unknown Source)
	at java.base/jdk.internal.reflect.NativeMethodAccessorImpl.invoke0(Native Method)
	at java.base/jdk.internal.reflect.NativeMethodAccessorImpl.invoke(NativeMethodAccessorImpl.java:62)
	at java.base/jdk.internal.reflect.DelegatingMethodAccessorImpl.invoke(DelegatingMethodAccessorImpl.java:43)
	at java.base/jdk.internal.reflect.NativeMethodAccessorImpl.invoke0(Native Method)
	at java.base/jdk.internal.reflect.NativeMethodAccessorImpl.invoke(NativeMethodAccessorImpl.java:62)
	at java.base/jdk.internal.reflect.DelegatingMethodAccessorImpl.invoke(DelegatingMethodAccessorImpl.java:43)

Testcase: simpleMove took 0 sec
	FAILED
null
junit.framework.AssertionFailedError
	at edu.nmsu.cs.circles.Circle2Test.simpleMove(Unknown Source)
	at java.base/jdk.internal.reflect.NativeMethodAccessorImpl.invoke0(Native Method)
	at java.base/jdk.internal.reflect.NativeMethodAccessorImpl.invoke(NativeMethodAccessorImpl.java:62)
	at java.base/jdk.internal.reflect.DelegatingMethodAccessorImpl.invoke(DelegatingMethodAccessorImpl.java:43)
	at java.base/jdk.internal.reflect.NativeMethodAccessorImpl.invoke0(Native Method)
	at java.base/jdk.internal.reflect.NativeMethodAccessorImpl.invoke(NativeMethodAccessorImpl.java:62)
	at java.base/jdk.internal.reflect.DelegatingMethodAccessorImpl.invoke(DelegatingMethodAccessorImpl.java:43)

Testcase: simpleMovePosAndNeg took 0.001 sec
	FAILED
null
junit.framework.AssertionFailedError
	at edu.nmsu.cs.circles.Circle2Test.simpleMovePosAndNeg(Unknown Source)
	at java.base/jdk.internal.reflect.NativeMethodAccessorImpl.invoke0(Native Method)
	at java.base/jdk.internal.reflect.NativeMethodAccessorImpl.invoke(NativeMethodAccessorImpl.java:62)
	at java.base/jdk.internal.reflect.DelegatingMethodAccessorImpl.invoke(DelegatingMethodAccessorImpl.java:43)
	at java.base/jdk.internal.reflect.NativeMethodAccessorImpl.invoke0(Native Method)
	at java.base/jdk.internal.reflect.NativeMethodAccessorImpl.invoke(NativeMethodAccessorImpl.java:62)
	at java.base/jdk.internal.reflect.DelegatingMethodAccessorImpl.invoke(DelegatingMethodAccessorImpl.java:43)

Testcase: simpleMoveNeg took 0.001 sec
	FAILED
null
junit.framework.AssertionFailedError
	at edu.nmsu.cs.circles.Circle2Test.simpleMoveNeg(Unknown Source)
	at java.base/jdk.internal.reflect.NativeMethodAccessorImpl.invoke0(Native Method)
	at java.base/jdk.internal.reflect.NativeMethodAccessorImpl.invoke(NativeMethodAccessorImpl.java:62)
	at java.base/jdk.internal.reflect.DelegatingMethodAccessorImpl.invoke(DelegatingMethodAccessorImpl.java:43)
	at java.base/jdk.internal.reflect.NativeMethodAccessorImpl.invoke0(Native Method)
	at java.base/jdk.internal.reflect.NativeMethodAccessorImpl.invoke(NativeMethodAccessorImpl.java:62)
	at java.base/jdk.internal.reflect.DelegatingMethodAccessorImpl.invoke(DelegatingMethodAccessorImpl.java:43)

Testcase: simpleMoveNegAndPos took 0.001 sec
	FAILED
null
junit.framework.AssertionFailedError
	at edu.nmsu.cs.circles.Circle2Test.simpleMoveNegAndPos(Unknown Source)
	at java.base/jdk.internal.reflect.NativeMethodAccessorImpl.invoke0(Native Method)
	at java.base/jdk.internal.reflect.NativeMethodAccessorImpl.invoke(NativeMethodAccessorImpl.java:62)
	at java.base/jdk.internal.reflect.DelegatingMethodAccessorImpl.invoke(DelegatingMethodAccessorImpl.java:43)
	at java.base/jdk.internal.reflect.NativeMethodAccessorImpl.invoke0(Native Method)
	at java.base/jdk.internal.reflect.NativeMethodAccessorImpl.invoke(NativeMethodAccessorImpl.java:62)
	at java.base/jdk.internal.reflect.DelegatingMethodAccessorImpl.invoke(DelegatingMethodAccessorImpl.java:43)

Testcase: intersectInfinitePoints took 0 sec
Testcase: intersectOnePoint took 0.001 sec
	FAILED
null
junit.framework.AssertionFailedError
	at edu.nmsu.cs.circles.Circle2Test.intersectOnePoint(Unknown Source)
	at java.base/jdk.internal.reflect.NativeMethodAccessorImpl.invoke0(Native Method)
	at java.base/jdk.internal.reflect.NativeMethodAccessorImpl.invoke(NativeMethodAccessorImpl.java:62)
	at java.base/jdk.internal.reflect.DelegatingMethodAccessorImpl.invoke(DelegatingMethodAccessorImpl.java:43)
	at java.base/jdk.internal.reflect.NativeMethodAccessorImpl.invoke0(Native Method)
	at java.base/jdk.internal.reflect.NativeMethodAccessorImpl.invoke(NativeMethodAccessorImpl.java:62)
	at java.base/jdk.internal.reflect.DelegatingMethodAccessorImpl.invoke(DelegatingMethodAccessorImpl.java:43)

Testcase: intersectZeroSeparate took 0 sec
Testcase: intersectTwoPoints took 0 sec
Testcase: scaleEqual took 0.001 sec
Testcase: intersectZeroInside took 0 sec
	FAILED
null
junit.framework.AssertionFailedError
	at edu.nmsu.cs.circles.Circle2Test.intersectZeroInside(Unknown Source)
	at java.base/jdk.internal.reflect.NativeMethodAccessorImpl.invoke0(Native Method)
	at java.base/jdk.internal.reflect.NativeMethodAccessorImpl.invoke(NativeMethodAccessorImpl.java:62)
	at java.base/jdk.internal.reflect.DelegatingMethodAccessorImpl.invoke(DelegatingMethodAccessorImpl.java:43)
	at java.base/jdk.internal.reflect.NativeMethodAccessorImpl.invoke0(Native Method)
	at java.base/jdk.internal.reflect.NativeMethodAccessorImpl.invoke(NativeMethodAccessorImpl.java:62)
	at java.base/jdk.internal.reflect.DelegatingMethodAccessorImpl.invoke(DelegatingMethodAccessorImpl.java:43)

